<?xml version="1.0" encoding="UTF-8"?>
<testsuites name="TS_BookanAppointment" time="21.203" tests="2" failures="0" errors="0">
   <testsuite name="TS_BookanAppointment" tests="2" failures="0" errors="0" time="21.203" skipped="0" timestamp="12-05-2024T00:15:07" hostname="Kelly - MSI" id="Test Suites/TS_BookanAppointment">
      <properties>
         <property name="deviceName" value=""/>
         <property name="devicePlatform" value=""/>
         <property name="logFolder" value="C:\\Users\\Kelly\\git\\linhdemo-platform-1\\Reports\\20240512_001459\\TS_BookanAppointment\\20240512_001459"/>
         <property name="logFiles" value="C:\\Users\\Kelly\\git\\linhdemo-platform-1\\Reports\\20240512_001459\\TS_BookanAppointment\\20240512_001459\\execution0.log"/>
         <property name="attachments" value=""/>
         <property name="hostName" value="Kelly - MSI"/>
         <property name="os" value="Windows 11 64bit"/>
         <property name="katalonVersion" value="9.4.0.212"/>
         <property name="browser" value="Chrome 124.0.0.0"/>
         <property name="hostAddress" value="192.168.56.1"/>
         <property name="sessionId" value="6d3f7df66cb76b9f3da8cb3af002c426"/>
         <property name="seleniumVersion" value="3.141.59"/>
         <property name="proxyInformation" value="ProxyInformation { proxyOption=NO_PROXY, proxyServerType=HTTP, username=, password=********, proxyServerAddress=, proxyServerPort=0, executionList=&quot;&quot;, isApplyToDesiredCapabilities=true }"/>
         <property name="platform" value="Windows 11"/>
      </properties>
      <testcase name="Test Cases/Login" time="8.233" classname="Test Cases/Login" status="PASSED">
         <system-out><![CDATA[12-05-2024T00:15:07 - [TEST_CASE][PASSED] - Test Cases/Login: Test Cases/Login

12-05-2024T00:15:07 - [TEST_STEP][PASSED] - openBrowser(""): Browser is opened with url: ''

12-05-2024T00:15:08 - [MESSAGE][INFO] - Starting 'Chrome' driver

12-05-2024T00:15:08 - [MESSAGE][INFO] - Action delay is set to 0 milliseconds

12-05-2024T00:15:09 - [MESSAGE][PASSED] - Browser is opened with url: ''

12-05-2024T00:15:09 - [TEST_STEP][PASSED] - navigateToUrl("https://katalon-demo-cura.herokuapp.com/"): Navigate to 'https://katalon-demo-cura.herokuapp.com/' successfully

12-05-2024T00:15:12 - [MESSAGE][PASSED] - Navigate to 'https://katalon-demo-cura.herokuapp.com/' successfully

12-05-2024T00:15:12 - [TEST_STEP][PASSED] - click(findTestObject("Object Repository/Page_CURA Healthcare Service/a_Make Appointment")): Object: 'Object Repository/Page_CURA Healthcare Service/a_Make Appointment' is clicked on

12-05-2024T00:15:13 - [MESSAGE][PASSED] - Object: 'Object Repository/Page_CURA Healthcare Service/a_Make Appointment' is clicked on

12-05-2024T00:15:13 - [TEST_STEP][PASSED] - setText(findTestObject("Object Repository/Page_CURA Healthcare Service/input_Username_username"), "John Doe"): Text 'John Doe' is set on object 'Object Repository/Page_CURA Healthcare Service/input_Username_username'

12-05-2024T00:15:13 - [MESSAGE][PASSED] - Text 'John Doe' is set on object 'Object Repository/Page_CURA Healthcare Service/input_Username_username'

12-05-2024T00:15:13 - [TEST_STEP][PASSED] - setEncryptedText(findTestObject("Object Repository/Page_CURA Healthcare Service/input_Password_password"), "g3/DOGG74jC3Flrr3yH+3D/yKbOqqUNM"): Text ****** has been set on object 'Object Repository/Page_CURA Healthcare Service/input_Password_password'

12-05-2024T00:15:14 - [MESSAGE][PASSED] - Text ****** has been set on object 'Object Repository/Page_CURA Healthcare Service/input_Password_password'

12-05-2024T00:15:14 - [TEST_STEP][PASSED] - click(findTestObject("Object Repository/Page_CURA Healthcare Service/button_Login")): Object: 'Object Repository/Page_CURA Healthcare Service/button_Login' is clicked on

12-05-2024T00:15:15 - [MESSAGE][PASSED] - Object: 'Object Repository/Page_CURA Healthcare Service/button_Login' is clicked on

12-05-2024T00:15:15 - [TEST_STEP][PASSED] - verifyElementVisible(findTestObject("Object Repository/Page_CURA Healthcare Service/h2_Make Appointment")): Object 'Object Repository/Page_CURA Healthcare Service/h2_Make Appointment' is visible

12-05-2024T00:15:15 - [MESSAGE][PASSED] - Object 'Object Repository/Page_CURA Healthcare Service/h2_Make Appointment' is visible]]></system-out>
         <system-err><![CDATA[]]></system-err>
      </testcase>
      <testcase name="Test Cases/BookanAppointment" time="12.802" classname="Test Cases/BookanAppointment" status="PASSED">
         <system-out><![CDATA[12-05-2024T00:15:15 - [TEST_CASE][PASSED] - Test Cases/BookanAppointment: Test Cases/BookanAppointment

12-05-2024T00:15:15 - [TEST_STEP][PASSED] - callTestCase(findTestCase("Login"), [:], STOP_ON_FAILURE): Call Test Case 'Test Cases/Login' successfully

12-05-2024T00:15:16 - [TEST_CASE][PASSED] - Test Cases/Login: Test Cases/Login

12-05-2024T00:15:16 - [TEST_STEP][PASSED] - openBrowser(""): Browser is opened with url: ''

12-05-2024T00:15:16 - [MESSAGE][WARNING] - A browser is already opened. Closing browser and opening a new one

12-05-2024T00:15:16 - [MESSAGE][INFO] - Starting 'Chrome' driver

12-05-2024T00:15:16 - [MESSAGE][INFO] - Action delay is set to 0 milliseconds

12-05-2024T00:15:17 - [MESSAGE][PASSED] - Browser is opened with url: ''

12-05-2024T00:15:17 - [TEST_STEP][PASSED] - navigateToUrl("https://katalon-demo-cura.herokuapp.com/"): Navigate to 'https://katalon-demo-cura.herokuapp.com/' successfully

12-05-2024T00:15:21 - [MESSAGE][PASSED] - Navigate to 'https://katalon-demo-cura.herokuapp.com/' successfully

12-05-2024T00:15:21 - [TEST_STEP][PASSED] - click(findTestObject("Object Repository/Page_CURA Healthcare Service/a_Make Appointment")): Object: 'Object Repository/Page_CURA Healthcare Service/a_Make Appointment' is clicked on

12-05-2024T00:15:22 - [MESSAGE][PASSED] - Object: 'Object Repository/Page_CURA Healthcare Service/a_Make Appointment' is clicked on

12-05-2024T00:15:22 - [TEST_STEP][PASSED] - setText(findTestObject("Object Repository/Page_CURA Healthcare Service/input_Username_username"), "John Doe"): Text 'John Doe' is set on object 'Object Repository/Page_CURA Healthcare Service/input_Username_username'

12-05-2024T00:15:22 - [MESSAGE][PASSED] - Text 'John Doe' is set on object 'Object Repository/Page_CURA Healthcare Service/input_Username_username'

12-05-2024T00:15:22 - [TEST_STEP][PASSED] - setEncryptedText(findTestObject("Object Repository/Page_CURA Healthcare Service/input_Password_password"), "g3/DOGG74jC3Flrr3yH+3D/yKbOqqUNM"): Text ****** has been set on object 'Object Repository/Page_CURA Healthcare Service/input_Password_password'

12-05-2024T00:15:23 - [MESSAGE][PASSED] - Text ****** has been set on object 'Object Repository/Page_CURA Healthcare Service/input_Password_password'

12-05-2024T00:15:23 - [TEST_STEP][PASSED] - click(findTestObject("Object Repository/Page_CURA Healthcare Service/button_Login")): Object: 'Object Repository/Page_CURA Healthcare Service/button_Login' is clicked on

12-05-2024T00:15:24 - [MESSAGE][PASSED] - Object: 'Object Repository/Page_CURA Healthcare Service/button_Login' is clicked on

12-05-2024T00:15:24 - [TEST_STEP][PASSED] - verifyElementVisible(findTestObject("Object Repository/Page_CURA Healthcare Service/h2_Make Appointment")): Object 'Object Repository/Page_CURA Healthcare Service/h2_Make Appointment' is visible

12-05-2024T00:15:24 - [MESSAGE][PASSED] - Object 'Object Repository/Page_CURA Healthcare Service/h2_Make Appointment' is visible

12-05-2024T00:15:24 - [MESSAGE][PASSED] - Call Test Case 'Test Cases/Login' successfully

12-05-2024T00:15:24 - [TEST_STEP][PASSED] - selectOptionByValue(findTestObject("Object Repository/Page_CURA Healthcare Service/Page_CURA Healthcare Service/select_Tokyo CURA Healthcare Center        _5b4107"), "Hongkong CURA Healthcare Center", true): All options with value 'Hongkong CURA Healthcare Center' are selected in object 'Object Repository/Page_CURA Healthcare Service/Page_CURA Healthcare Service/select_Tokyo CURA Healthcare Center        _5b4107'  using regular expression

12-05-2024T00:15:25 - [MESSAGE][PASSED] - All options with value 'Hongkong CURA Healthcare Center' are selected in object 'Object Repository/Page_CURA Healthcare Service/Page_CURA Healthcare Service/select_Tokyo CURA Healthcare Center        _5b4107'  using regular expression

12-05-2024T00:15:25 - [TEST_STEP][PASSED] - click(findTestObject("Object Repository/Page_CURA Healthcare Service/Page_CURA Healthcare Service/input_Medicaid_programs")): Object: 'Object Repository/Page_CURA Healthcare Service/Page_CURA Healthcare Service/input_Medicaid_programs' is clicked on

12-05-2024T00:15:25 - [MESSAGE][PASSED] - Object: 'Object Repository/Page_CURA Healthcare Service/Page_CURA Healthcare Service/input_Medicaid_programs' is clicked on

12-05-2024T00:15:25 - [TEST_STEP][PASSED] - click(findTestObject("Object Repository/Page_CURA Healthcare Service/Page_CURA Healthcare Service/div_Visit Date (Required)_input-group-addon")): Object: 'Object Repository/Page_CURA Healthcare Service/Page_CURA Healthcare Service/div_Visit Date (Required)_input-group-addon' is clicked on

12-05-2024T00:15:26 - [MESSAGE][PASSED] - Object: 'Object Repository/Page_CURA Healthcare Service/Page_CURA Healthcare Service/div_Visit Date (Required)_input-group-addon' is clicked on

12-05-2024T00:15:26 - [TEST_STEP][PASSED] - click(findTestObject("Object Repository/Page_CURA Healthcare Service/Page_CURA Healthcare Service/td_31")): Object: 'Object Repository/Page_CURA Healthcare Service/Page_CURA Healthcare Service/td_31' is clicked on

12-05-2024T00:15:26 - [MESSAGE][PASSED] - Object: 'Object Repository/Page_CURA Healthcare Service/Page_CURA Healthcare Service/td_31' is clicked on

12-05-2024T00:15:26 - [TEST_STEP][PASSED] - setText(findTestObject("Object Repository/Page_CURA Healthcare Service/Page_CURA Healthcare Service/textarea_Comment_comment"), "Comment "): Text 'Comment ' is set on object 'Object Repository/Page_CURA Healthcare Service/Page_CURA Healthcare Service/textarea_Comment_comment'

12-05-2024T00:15:27 - [MESSAGE][PASSED] - Text 'Comment ' is set on object 'Object Repository/Page_CURA Healthcare Service/Page_CURA Healthcare Service/textarea_Comment_comment'

12-05-2024T00:15:27 - [TEST_STEP][PASSED] - click(findTestObject("Object Repository/Page_CURA Healthcare Service/Page_CURA Healthcare Service/button_Book Appointment")): Object: 'Object Repository/Page_CURA Healthcare Service/Page_CURA Healthcare Service/button_Book Appointment' is clicked on

12-05-2024T00:15:28 - [MESSAGE][PASSED] - Object: 'Object Repository/Page_CURA Healthcare Service/Page_CURA Healthcare Service/button_Book Appointment' is clicked on

12-05-2024T00:15:28 - [TEST_STEP][PASSED] - navigateToUrl("https://katalon-demo-cura.herokuapp.com/appointment.php#summary"): Navigate to 'https://katalon-demo-cura.herokuapp.com/appointment.php#summary' successfully

12-05-2024T00:15:28 - [MESSAGE][PASSED] - Navigate to 'https://katalon-demo-cura.herokuapp.com/appointment.php#summary' successfully

12-05-2024T00:15:28 - [TEST_STEP][PASSED] - verifyElementVisible(findTestObject("Object Repository/Page_CURA Healthcare Service/Page_CURA Healthcare Service/h2_Appointment Confirmation")): Object 'Object Repository/Page_CURA Healthcare Service/Page_CURA Healthcare Service/h2_Appointment Confirmation' is visible

12-05-2024T00:15:28 - [MESSAGE][PASSED] - Object 'Object Repository/Page_CURA Healthcare Service/Page_CURA Healthcare Service/h2_Appointment Confirmation' is visible]]></system-out>
         <system-err><![CDATA[]]></system-err>
      </testcase>
      <system-out><![CDATA[12-05-2024T00:15:07 - [TEST_SUITE][PASSED] - TS_BookanAppointment: Test Cases/BookanAppointment]]></system-out>
      <system-err><![CDATA[]]></system-err>
   </testsuite>
</testsuites>
